<?xml version="1.0" encoding="UTF-8"?>
<testsuite xmlns:xsi="http://www.w3.org/2001/XMLSchema-instance" xsi:noNamespaceSchemaLocation="https://maven.apache.org/surefire/maven-surefire-plugin/xsd/surefire-test-report.xsd" name="com.csusm.villa291.GameTest" time="0.019" tests="14" errors="0" skipped="0" failures="1">
  <properties>
[...]
</properties>
  <testcase name="testRegisterEntity" classname="com.csusm.villa291.GameTest" time="0"/>
  <testcase name="testIsPlayerInvulnerable" classname="com.csusm.villa291.GameTest" time="0"/>
  <testcase name="testGetLevel" classname="com.csusm.villa291.GameTest" time="0"/>
  <testcase name="testGetLives" classname="com.csusm.villa291.GameTest" time="0"/>
  <testcase name="testGetScore" classname="com.csusm.villa291.GameTest" time="0"/>
  <testcase name="testGetEntities" classname="com.csusm.villa291.GameTest" time="0"/>
  <testcase name="testAddScore" classname="com.csusm.villa291.GameTest" time="0.002">
    <failure message="expected:&lt;-1&gt; but was:&lt;1&gt;" type="junit.framework.AssertionFailedError"><![CDATA[junit.framework.AssertionFailedError: expected:<-1> but was:<1>
	at com.csusm.villa291.GameTest.testAddScore(GameTest.java:19)
]]></failure>
  </testcase>
  <testcase name="testCanDrawPlayer" classname="com.csusm.villa291.GameTest" time="0"/>
  <testcase name="testIsPaused" classname="com.csusm.villa291.GameTest" time="0"/>
  <testcase name="testIsGameOver" classname="com.csusm.villa291.GameTest" time="0"/>
  <testcase name="testGetPlayer" classname="com.csusm.villa291.GameTest" time="0"/>
  <testcase name="testGetRandom" classname="com.csusm.villa291.GameTest" time="0"/>
  <testcase name="testIsShowingLevel" classname="com.csusm.villa291.GameTest" time="0"/>
  <testcase name="testKillPlayer" classname="com.csusm.villa291.GameTest" time="0"/>
</testsuite>